[2025-05-31 21:50:59.550] [BotMonitor     ] [INFO ] Iniciando monitoreo de actividad de Badniks...
[2025-05-31 21:50:59.553] [BotMonitor     ] [INFO ] Intentando obtener datos de 'fuente_de_datos_simulada.html' con Selenium...
[2025-05-31 21:51:11.786] [BotMonitor     ] [ERROR] WebDriverException con Selenium: Message: unknown error: cannot find Chrome binary
Stacktrace:
Backtrace:
	GetHandleVerifier [0x00CEA813+48355]
	(No symbol) [0x00C7C4B1]
	(No symbol) [0x00B85358]
	(No symbol) [0x00BA1A9E]
	(No symbol...
[2025-05-31 21:51:11.788] [BotMonitor     ] [INFO ] Fallo al obtener datos vía Selenium. Se usará generación aleatoria.
[2025-05-31 21:51:11.789] [BotMonitor     ] [INFO ] Procediendo con generación de datos aleatorios...
[2025-05-31 21:51:11.790] [BotMonitor     ] [INFO ] Datos generados aleatoriamente de 'Reporte Campo'.
[2025-05-31 21:51:11.790] [BotMonitor     ] [INFO ] Datos finales: ID EVT-RND-20250531215111-0001, Fuente: Reporte Campo
[2025-05-31 21:51:11.792] [BotMonitor     ] [INFO ] Monitoreo completado.
[2025-05-31 21:51:17.784] [BotMonitor     ] [INFO ] Iniciando monitoreo de actividad de Badniks...
[2025-05-31 21:51:17.784] [BotMonitor     ] [INFO ] Intentando obtener datos de 'fuente_de_datos_simulada.html' con Selenium...
[2025-05-31 21:51:29.971] [BotMonitor     ] [ERROR] WebDriverException con Selenium: Message: unknown error: cannot find Chrome binary
Stacktrace:
Backtrace:
	GetHandleVerifier [0x0118A813+48355]
	(No symbol) [0x0111C4B1]
	(No symbol) [0x01025358]
	(No symbol) [0x01041A9E]
	(No symbol...
[2025-05-31 21:51:29.973] [BotMonitor     ] [INFO ] Fallo al obtener datos vía Selenium. Se usará generación aleatoria.
[2025-05-31 21:51:29.974] [BotMonitor     ] [INFO ] Procediendo con generación de datos aleatorios...
[2025-05-31 21:51:29.976] [BotMonitor     ] [INFO ] Datos generados aleatoriamente de 'Alerta ME'.
[2025-05-31 21:51:29.977] [BotMonitor     ] [INFO ] Datos finales: ID EVT-RND-20250531215129-0002, Fuente: Alerta ME
[2025-05-31 21:51:29.989] [BotMonitor     ] [INFO ] Monitoreo completado.
[2025-05-31 21:51:41.026] [BotMonitor     ] [INFO ] Iniciando monitoreo de actividad de Badniks...
[2025-05-31 21:51:41.027] [BotMonitor     ] [INFO ] Intentando obtener datos de 'fuente_de_datos_simulada.html' con Selenium...
[2025-05-31 21:51:53.522] [BotMonitor     ] [ERROR] WebDriverException con Selenium: Message: unknown error: cannot find Chrome binary
Stacktrace:
Backtrace:
	GetHandleVerifier [0x010EA813+48355]
	(No symbol) [0x0107C4B1]
	(No symbol) [0x00F85358]
	(No symbol) [0x00FA1A9E]
	(No symbol...
[2025-05-31 21:51:53.524] [BotMonitor     ] [INFO ] Fallo al obtener datos vía Selenium. Se usará generación aleatoria.
[2025-05-31 21:51:53.525] [BotMonitor     ] [INFO ] Procediendo con generación de datos aleatorios...
[2025-05-31 21:51:53.526] [BotMonitor     ] [INFO ] Datos generados aleatoriamente de 'Alerta ME'.
[2025-05-31 21:51:53.526] [BotMonitor     ] [INFO ] Datos finales: ID EVT-RND-20250531215153-0003, Fuente: Alerta ME
[2025-05-31 21:51:53.530] [BotMonitor     ] [INFO ] Monitoreo completado.
[2025-05-31 21:52:01.532] [BotMonitor     ] [INFO ] Iniciando monitoreo de actividad de Badniks...
[2025-05-31 21:52:01.545] [BotMonitor     ] [INFO ] Intentando obtener datos de 'fuente_de_datos_simulada.html' con Selenium...
[2025-05-31 21:52:15.571] [BotMonitor     ] [ERROR] WebDriverException con Selenium: Message: unknown error: cannot find Chrome binary
Stacktrace:
Backtrace:
	GetHandleVerifier [0x010EA813+48355]
	(No symbol) [0x0107C4B1]
	(No symbol) [0x00F85358]
	(No symbol) [0x00FA1A9E]
	(No symbol...
[2025-05-31 21:52:15.572] [BotMonitor     ] [INFO ] Fallo al obtener datos vía Selenium. Se usará generación aleatoria.
[2025-05-31 21:52:15.573] [BotMonitor     ] [INFO ] Procediendo con generación de datos aleatorios...
[2025-05-31 21:52:15.575] [BotMonitor     ] [INFO ] Datos generados aleatoriamente de 'Radar G.U.N.'.
[2025-05-31 21:52:15.577] [BotMonitor     ] [INFO ] Datos finales: ID EVT-RND-20250531215215-0004, Fuente: Radar G.U.N.
[2025-05-31 21:52:15.597] [BotMonitor     ] [INFO ] Monitoreo completado.
[2025-05-31 21:52:23.678] [BotMonitor     ] [INFO ] Iniciando monitoreo de actividad de Badniks...
[2025-05-31 21:52:23.679] [BotMonitor     ] [INFO ] Intentando obtener datos de 'fuente_de_datos_simulada.html' con Selenium...
[2025-05-31 21:52:37.118] [BotMonitor     ] [ERROR] WebDriverException con Selenium: Message: unknown error: cannot find Chrome binary
Stacktrace:
Backtrace:
	GetHandleVerifier [0x0107A813+48355]
	(No symbol) [0x0100C4B1]
	(No symbol) [0x00F15358]
	(No symbol) [0x00F31A9E]
	(No symbol...
[2025-05-31 21:52:37.119] [BotMonitor     ] [INFO ] Fallo al obtener datos vía Selenium. Se usará generación aleatoria.
[2025-05-31 21:52:37.120] [BotMonitor     ] [INFO ] Procediendo con generación de datos aleatorios...
[2025-05-31 21:52:37.121] [BotMonitor     ] [INFO ] Datos generados aleatoriamente de 'Radar G.U.N.'.
[2025-05-31 21:52:37.121] [BotMonitor     ] [INFO ] Datos finales: ID EVT-RND-20250531215237-0005, Fuente: Radar G.U.N.
[2025-05-31 21:52:37.123] [BotMonitor     ] [INFO ] Monitoreo completado.
[2025-05-31 21:52:47.200] [BotMonitor     ] [INFO ] Iniciando monitoreo de actividad de Badniks...
[2025-05-31 21:52:47.201] [BotMonitor     ] [INFO ] Intentando obtener datos de 'fuente_de_datos_simulada.html' con Selenium...
[2025-05-31 21:52:49.098] [BotMonitor     ] [INFO ] Fallo al obtener datos vía Selenium. Se usará generación aleatoria.
[2025-05-31 22:06:49.384] [BotMonitor     ] [INFO ] Iniciando monitoreo...
[2025-05-31 22:06:49.386] [BotMonitor     ] [INFO ] Intentando obtener datos de 'fuente_de_datos_simulada.html' con Selenium...
[2025-05-31 22:06:49.392] [BotMonitor     ] [INFO ] Intentando encontrar binario de Chrome automáticamente...
[2025-05-31 22:06:49.401] [BotMonitor     ] [WARN ] No se especificó ni se encontró automáticamente una ruta para chrome.exe. Dejando que WebDriverManager intente.
[2025-05-31 22:07:02.396] [BotMonitor     ] [ERROR] WebDriverException con Selenium: Message: unknown error: cannot find Chrome binary
Stacktrace:
Backtrace:
	GetHandleVerifier [0x004FA813+48355]
	(No symbol) [0x0048C4B1]
	(No symbol) [0x00395358]
	(No symbol) [0x003B1A9E]
	(No symbol...
[2025-05-31 22:07:02.399] [BotMonitor     ] [INFO ] Fallo al obtener datos vía Selenium. Se usará generación aleatoria.
[2025-05-31 22:07:02.400] [BotMonitor     ] [INFO ] Procediendo con generación de datos aleatorios...
[2025-05-31 22:07:02.404] [BotMonitor     ] [INFO ] Datos generados aleatoriamente de 'Reporte Campo'.
[2025-05-31 22:07:02.434] [BotMonitor     ] [INFO ] Datos finales: ID EVT-RND-20250531220702-0001, Fuente: Reporte Campo
[2025-05-31 22:07:02.441] [BotMonitor     ] [INFO ] Monitoreo completado.
[2025-05-31 22:07:10.474] [BotMonitor     ] [INFO ] Iniciando monitoreo...
[2025-05-31 22:07:10.476] [BotMonitor     ] [INFO ] Intentando obtener datos de 'fuente_de_datos_simulada.html' con Selenium...
[2025-05-31 22:07:10.527] [BotMonitor     ] [INFO ] Intentando encontrar binario de Chrome automáticamente...
[2025-05-31 22:07:10.534] [BotMonitor     ] [WARN ] No se especificó ni se encontró automáticamente una ruta para chrome.exe. Dejando que WebDriverManager intente.
[2025-05-31 22:07:23.275] [BotMonitor     ] [ERROR] WebDriverException con Selenium: Message: unknown error: cannot find Chrome binary
Stacktrace:
Backtrace:
	GetHandleVerifier [0x0038A813+48355]
	(No symbol) [0x0031C4B1]
	(No symbol) [0x00225358]
	(No symbol) [0x00241A9E]
	(No symbol...
[2025-05-31 22:07:23.278] [BotMonitor     ] [INFO ] Fallo al obtener datos vía Selenium. Se usará generación aleatoria.
[2025-05-31 22:07:23.280] [BotMonitor     ] [INFO ] Procediendo con generación de datos aleatorios...
[2025-05-31 22:07:23.283] [BotMonitor     ] [INFO ] Datos generados aleatoriamente de 'Reporte Campo'.
[2025-05-31 22:07:23.284] [BotMonitor     ] [INFO ] Datos finales: ID EVT-RND-20250531220723-0002, Fuente: Reporte Campo
[2025-05-31 22:07:23.289] [BotMonitor     ] [INFO ] Monitoreo completado.
[2025-05-31 22:07:29.303] [BotMonitor     ] [INFO ] Iniciando monitoreo...
[2025-05-31 22:07:29.314] [BotMonitor     ] [INFO ] Intentando obtener datos de 'fuente_de_datos_simulada.html' con Selenium...
[2025-05-31 22:07:29.317] [BotMonitor     ] [INFO ] Intentando encontrar binario de Chrome automáticamente...
[2025-05-31 22:07:29.325] [BotMonitor     ] [WARN ] No se especificó ni se encontró automáticamente una ruta para chrome.exe. Dejando que WebDriverManager intente.
[2025-05-31 22:07:45.161] [BotMonitor     ] [ERROR] WebDriverException con Selenium: Message: unknown error: cannot find Chrome binary
Stacktrace:
Backtrace:
	GetHandleVerifier [0x00C6A813+48355]
	(No symbol) [0x00BFC4B1]
	(No symbol) [0x00B05358]
	(No symbol) [0x00B21A9E]
	(No symbol...
[2025-05-31 22:07:45.164] [BotMonitor     ] [INFO ] Fallo al obtener datos vía Selenium. Se usará generación aleatoria.
[2025-05-31 22:07:45.166] [BotMonitor     ] [INFO ] Procediendo con generación de datos aleatorios...
[2025-05-31 22:07:45.169] [BotMonitor     ] [INFO ] Datos generados aleatoriamente de 'Radar G.U.N.'.
[2025-05-31 22:07:45.171] [BotMonitor     ] [INFO ] Datos finales: ID EVT-RND-20250531220745-0003, Fuente: Radar G.U.N.
[2025-05-31 22:07:45.176] [BotMonitor     ] [INFO ] Monitoreo completado.
[2025-05-31 22:07:56.134] [BotMonitor     ] [INFO ] Iniciando monitoreo...
[2025-05-31 22:07:56.135] [BotMonitor     ] [INFO ] Intentando obtener datos de 'fuente_de_datos_simulada.html' con Selenium...
[2025-05-31 22:07:56.138] [BotMonitor     ] [INFO ] Intentando encontrar binario de Chrome automáticamente...
[2025-05-31 22:07:56.142] [BotMonitor     ] [WARN ] No se especificó ni se encontró automáticamente una ruta para chrome.exe. Dejando que WebDriverManager intente.
[2025-05-31 22:08:10.238] [BotMonitor     ] [ERROR] WebDriverException con Selenium: Message: unknown error: cannot find Chrome binary
Stacktrace:
Backtrace:
	GetHandleVerifier [0x00C1A813+48355]
	(No symbol) [0x00BAC4B1]
	(No symbol) [0x00AB5358]
	(No symbol) [0x00AD1A9E]
	(No symbol...
[2025-05-31 22:08:10.245] [BotMonitor     ] [INFO ] Fallo al obtener datos vía Selenium. Se usará generación aleatoria.
[2025-05-31 22:08:10.246] [BotMonitor     ] [INFO ] Procediendo con generación de datos aleatorios...
[2025-05-31 22:08:10.248] [BotMonitor     ] [INFO ] Datos generados aleatoriamente de 'Alerta ME'.
[2025-05-31 22:08:10.251] [BotMonitor     ] [INFO ] Datos finales: ID EVT-RND-20250531220810-0004, Fuente: Alerta ME
[2025-05-31 22:08:10.261] [BotMonitor     ] [INFO ] Monitoreo completado.
[2025-05-31 22:08:20.300] [BotMonitor     ] [INFO ] Iniciando monitoreo...
[2025-05-31 22:08:20.302] [BotMonitor     ] [INFO ] Intentando obtener datos de 'fuente_de_datos_simulada.html' con Selenium...
[2025-05-31 22:08:20.307] [BotMonitor     ] [INFO ] Intentando encontrar binario de Chrome automáticamente...
[2025-05-31 22:08:20.311] [BotMonitor     ] [WARN ] No se especificó ni se encontró automáticamente una ruta para chrome.exe. Dejando que WebDriverManager intente.
[2025-05-31 22:08:33.866] [BotMonitor     ] [ERROR] WebDriverException con Selenium: Message: unknown error: cannot find Chrome binary
Stacktrace:
Backtrace:
	GetHandleVerifier [0x0027A813+48355]
	(No symbol) [0x0020C4B1]
	(No symbol) [0x00115358]
	(No symbol) [0x00131A9E]
	(No symbol...
[2025-05-31 22:08:33.869] [BotMonitor     ] [INFO ] Fallo al obtener datos vía Selenium. Se usará generación aleatoria.
[2025-05-31 22:08:33.871] [BotMonitor     ] [INFO ] Procediendo con generación de datos aleatorios...
[2025-05-31 22:08:33.873] [BotMonitor     ] [INFO ] Datos generados aleatoriamente de 'Radar G.U.N.'.
[2025-05-31 22:08:33.876] [BotMonitor     ] [INFO ] Datos finales: ID EVT-RND-20250531220833-0005, Fuente: Radar G.U.N.
[2025-05-31 22:08:33.889] [BotMonitor     ] [INFO ] Monitoreo completado.
[2025-05-31 22:08:40.867] [BotMonitor     ] [INFO ] Iniciando monitoreo...
[2025-05-31 22:08:40.872] [BotMonitor     ] [INFO ] Intentando obtener datos de 'fuente_de_datos_simulada.html' con Selenium...
[2025-05-31 22:08:40.874] [BotMonitor     ] [INFO ] Intentando encontrar binario de Chrome automáticamente...
[2025-05-31 22:08:40.885] [BotMonitor     ] [WARN ] No se especificó ni se encontró automáticamente una ruta para chrome.exe. Dejando que WebDriverManager intente.
[2025-05-31 22:08:55.536] [BotMonitor     ] [ERROR] WebDriverException con Selenium: Message: unknown error: cannot find Chrome binary
Stacktrace:
Backtrace:
	GetHandleVerifier [0x00F3A813+48355]
	(No symbol) [0x00ECC4B1]
	(No symbol) [0x00DD5358]
	(No symbol) [0x00DF1A9E]
	(No symbol...
[2025-05-31 22:08:55.541] [BotMonitor     ] [INFO ] Fallo al obtener datos vía Selenium. Se usará generación aleatoria.
[2025-05-31 22:08:55.544] [BotMonitor     ] [INFO ] Procediendo con generación de datos aleatorios...
[2025-05-31 22:08:55.546] [BotMonitor     ] [INFO ] Datos generados aleatoriamente de 'Radar G.U.N.'.
[2025-05-31 22:08:55.549] [BotMonitor     ] [INFO ] Datos finales: ID EVT-RND-20250531220855-0006, Fuente: Radar G.U.N.
[2025-05-31 22:08:55.552] [BotMonitor     ] [INFO ] Monitoreo completado.
[2025-05-31 22:09:01.543] [BotMonitor     ] [INFO ] Iniciando monitoreo...
[2025-05-31 22:09:01.546] [BotMonitor     ] [INFO ] Intentando obtener datos de 'fuente_de_datos_simulada.html' con Selenium...
[2025-05-31 22:09:01.548] [BotMonitor     ] [INFO ] Intentando encontrar binario de Chrome automáticamente...
[2025-05-31 22:09:01.551] [BotMonitor     ] [WARN ] No se especificó ni se encontró automáticamente una ruta para chrome.exe. Dejando que WebDriverManager intente.
[2025-05-31 22:09:15.239] [BotMonitor     ] [ERROR] WebDriverException con Selenium: Message: unknown error: cannot find Chrome binary
Stacktrace:
Backtrace:
	GetHandleVerifier [0x0052A813+48355]
	(No symbol) [0x004BC4B1]
	(No symbol) [0x003C5358]
	(No symbol) [0x003E1A9E]
	(No symbol...
[2025-05-31 22:09:15.242] [BotMonitor     ] [INFO ] Fallo al obtener datos vía Selenium. Se usará generación aleatoria.
[2025-05-31 22:09:15.245] [BotMonitor     ] [INFO ] Procediendo con generación de datos aleatorios...
[2025-05-31 22:09:15.248] [BotMonitor     ] [INFO ] Datos generados aleatoriamente de 'Sensor Tails'.
[2025-05-31 22:09:15.249] [BotMonitor     ] [INFO ] Datos finales: ID EVT-RND-20250531220915-0007, Fuente: Sensor Tails
[2025-05-31 22:09:15.254] [BotMonitor     ] [INFO ] Monitoreo completado.
[2025-05-31 22:09:22.242] [BotMonitor     ] [INFO ] Iniciando monitoreo...
[2025-05-31 22:09:22.247] [BotMonitor     ] [INFO ] Intentando obtener datos de 'fuente_de_datos_simulada.html' con Selenium...
[2025-05-31 22:09:22.256] [BotMonitor     ] [INFO ] Intentando encontrar binario de Chrome automáticamente...
[2025-05-31 22:09:22.264] [BotMonitor     ] [WARN ] No se especificó ni se encontró automáticamente una ruta para chrome.exe. Dejando que WebDriverManager intente.
[2025-05-31 22:09:36.941] [BotMonitor     ] [ERROR] WebDriverException con Selenium: Message: unknown error: cannot find Chrome binary
Stacktrace:
Backtrace:
	GetHandleVerifier [0x0118A813+48355]
	(No symbol) [0x0111C4B1]
	(No symbol) [0x01025358]
	(No symbol) [0x01041A9E]
	(No symbol...
[2025-05-31 22:09:36.944] [BotMonitor     ] [INFO ] Fallo al obtener datos vía Selenium. Se usará generación aleatoria.
[2025-05-31 22:09:36.945] [BotMonitor     ] [INFO ] Procediendo con generación de datos aleatorios...
[2025-05-31 22:09:36.947] [BotMonitor     ] [INFO ] Datos generados aleatoriamente de 'Reporte Campo'.
[2025-05-31 22:09:36.949] [BotMonitor     ] [INFO ] Datos finales: ID EVT-RND-20250531220936-0008, Fuente: Reporte Campo
[2025-05-31 22:09:36.957] [BotMonitor     ] [INFO ] Monitoreo completado.
[2025-05-31 22:09:47.190] [BotMonitor     ] [INFO ] Iniciando monitoreo...
[2025-05-31 22:09:47.192] [BotMonitor     ] [INFO ] Intentando obtener datos de 'fuente_de_datos_simulada.html' con Selenium...
[2025-05-31 22:09:47.193] [BotMonitor     ] [INFO ] Intentando encontrar binario de Chrome automáticamente...
[2025-05-31 22:09:47.196] [BotMonitor     ] [WARN ] No se especificó ni se encontró automáticamente una ruta para chrome.exe. Dejando que WebDriverManager intente.
[2025-05-31 22:10:00.954] [BotMonitor     ] [ERROR] WebDriverException con Selenium: Message: unknown error: cannot find Chrome binary
Stacktrace:
Backtrace:
	GetHandleVerifier [0x0096A813+48355]
	(No symbol) [0x008FC4B1]
	(No symbol) [0x00805358]
	(No symbol) [0x00821A9E]
	(No symbol...
[2025-05-31 22:10:00.959] [BotMonitor     ] [INFO ] Fallo al obtener datos vía Selenium. Se usará generación aleatoria.
[2025-05-31 22:10:00.963] [BotMonitor     ] [INFO ] Procediendo con generación de datos aleatorios...
[2025-05-31 22:10:00.965] [BotMonitor     ] [INFO ] Datos generados aleatoriamente de 'Alerta ME'.
[2025-05-31 22:10:00.980] [BotMonitor     ] [INFO ] Datos finales: ID EVT-RND-20250531221000-0009, Fuente: Alerta ME
[2025-05-31 22:10:01.014] [BotMonitor     ] [INFO ] Monitoreo completado.
[2025-05-31 22:11:26.152] [BotMonitor     ] [INFO ] Iniciando monitoreo...
[2025-05-31 22:11:26.153] [BotMonitor     ] [INFO ] Intentando obtener datos de 'fuente_de_datos_simulada.html' con Selenium (Microsoft Edge)...
[2025-05-31 22:11:26.156] [BotMonitor     ] [INFO ] Intentando encontrar binario de Edge automáticamente...
[2025-05-31 22:11:35.844] [BotMonitor     ] [INFO ] Datos Selenium (Edge): Desc:'Un Buzz Bomber solitario está causando problemas cerca de la entrada de Chemical Plant.', Nivel:'medio', Ubic:'Chemical Plant Zone'
[2025-05-31 22:11:38.060] [BotMonitor     ] [INFO ] Datos obtenidos vía Selenium (Edge).
[2025-05-31 22:11:38.063] [BotMonitor     ] [INFO ] Datos finales: ID EVT-SEL-EDGE-20250531221135-0001, Fuente: Fuente Web (Selenium/Edge)
[2025-05-31 22:11:38.067] [BotMonitor     ] [INFO ] Monitoreo completado.
[2025-05-31 22:16:50.929] [BotMonitor     ] [INFO ] Iniciando monitoreo...
[2025-05-31 22:16:50.930] [BotMonitor     ] [INFO ] Intentando obtener datos de 'fuente_de_datos_simulada.html' con Selenium (Microsoft Edge)...
[2025-05-31 22:16:50.930] [BotMonitor     ] [INFO ] Usando ruta de binario de Edge desde config: C:\Program Files (x86)\Microsoft\Edge\Application\msedge.exe
[2025-05-31 22:16:55.929] [BotMonitor     ] [INFO ] HTML abierto por Selenium. Observa la ventana del navegador. Se cerrará en unos segundos...
[2025-05-31 22:17:03.229] [BotMonitor     ] [INFO ] Datos Selenium (Edge): Desc:'Un Buzz Bomber solitario está causando problemas cerca de la entrada de Chemical Plant.', Nivel:'medio', Ubic:'Chemical Plant Zone'
[2025-05-31 22:17:05.575] [BotMonitor     ] [INFO ] Datos obtenidos vía Selenium (Edge).
[2025-05-31 22:17:05.580] [BotMonitor     ] [INFO ] Datos finales: ID EVT-SEL-EDGE-20250531221703-0001, Fuente: Fuente Web (Selenium/Edge)
[2025-05-31 22:17:05.614] [BotMonitor     ] [INFO ] Monitoreo completado.
[2025-05-31 22:17:16.726] [BotMonitor     ] [INFO ] Iniciando monitoreo...
[2025-05-31 22:17:16.728] [BotMonitor     ] [INFO ] Intentando obtener datos de 'fuente_de_datos_simulada.html' con Selenium (Microsoft Edge)...
[2025-05-31 22:17:16.729] [BotMonitor     ] [INFO ] Usando ruta de binario de Edge desde config: C:\Program Files (x86)\Microsoft\Edge\Application\msedge.exe
[2025-05-31 22:17:21.920] [BotMonitor     ] [INFO ] HTML abierto por Selenium. Observa la ventana del navegador. Se cerrará en unos segundos...
[2025-05-31 22:17:29.306] [BotMonitor     ] [INFO ] Datos Selenium (Edge): Desc:'Un Buzz Bomber solitario está causando problemas cerca de la entrada de Chemical Plant.', Nivel:'medio', Ubic:'Chemical Plant Zone'
