[2025-05-31 23:46:57.857] [BotMaestro     ] [INFO ] Configuración cargada desde config.json
[2025-05-31 23:46:57.858] [BotMaestro     ] [INFO ] Base de conocimiento (re)inicializada.
[2025-05-31 23:46:57.858] [BotMaestro     ] [INFO ] Hedgehog Alert Processor INICIADO.
[2025-05-31 23:46:57.859] [BotMaestro     ] [INFO ] Presiona Ctrl+C para detener.
[2025-05-31 23:46:57.859] [BotMaestro     ] [INFO ] --- Ciclo #1 ---
[2025-05-31 23:47:09.897] [BotMaestro     ] [INFO ] --- Ciclo #1 COMPLETADO ---
[2025-05-31 23:47:09.898] [BotMaestro     ] [INFO ] Esperando 7s...
[2025-05-31 23:47:12.176] [BotMaestro     ] [INFO ] Interrupción por teclado. Deteniendo...
[2025-05-31 23:48:43.379] [BotMaestro     ] [INFO ] Configuración cargada desde config.json
[2025-05-31 23:48:43.380] [BotMaestro     ] [INFO ] Base de conocimiento (re)inicializada.
[2025-05-31 23:48:43.380] [BotMaestro     ] [INFO ] Hedgehog Alert Processor INICIADO.
[2025-05-31 23:48:43.381] [BotMaestro     ] [INFO ] Presiona Ctrl+C para detener.
[2025-05-31 23:48:43.381] [BotMaestro     ] [INFO ] --- Ciclo #1 ---
[2025-05-31 23:48:44.308] [BotMaestro     ] [INFO ] --- Ciclo #1 COMPLETADO ---
[2025-05-31 23:48:44.309] [BotMaestro     ] [INFO ] Esperando 6s...
[2025-05-31 23:48:50.309] [BotMaestro     ] [INFO ] --- Ciclo #2 ---
[2025-05-31 23:48:51.205] [BotMaestro     ] [INFO ] --- Ciclo #2 COMPLETADO ---
[2025-05-31 23:48:51.205] [BotMaestro     ] [INFO ] Esperando 10s...
[2025-05-31 23:48:52.474] [BotMaestro     ] [INFO ] Interrupción por teclado. Deteniendo...
[2025-05-31 23:58:34.012] [BotMaestro     ] [INFO ] Configuración cargada desde config.json
[2025-05-31 23:58:34.012] [BotMaestro     ] [INFO ] Base de conocimiento (re)inicializada.
[2025-05-31 23:58:34.013] [BotMaestro     ] [INFO ] Hedgehog Alert Processor INICIADO.
[2025-05-31 23:58:34.013] [BotMaestro     ] [INFO ] Presiona Ctrl+C para detener.
[2025-05-31 23:58:34.013] [BotMaestro     ] [INFO ] --- Ciclo #1 ---
[2025-05-31 23:58:45.973] [BotMaestro     ] [INFO ] --- Ciclo #1 COMPLETADO ---
[2025-05-31 23:58:45.973] [BotMaestro     ] [INFO ] Esperando 8s...
[2025-05-31 23:58:53.974] [BotMaestro     ] [INFO ] --- Ciclo #2 ---
[2025-05-31 23:59:05.911] [BotMaestro     ] [INFO ] --- Ciclo #2 COMPLETADO ---
[2025-05-31 23:59:05.912] [BotMaestro     ] [INFO ] Esperando 8s...
[2025-05-31 23:59:13.912] [BotMaestro     ] [INFO ] --- Ciclo #3 ---
[2025-05-31 23:59:25.870] [BotMaestro     ] [INFO ] --- Ciclo #3 COMPLETADO ---
[2025-05-31 23:59:25.870] [BotMaestro     ] [INFO ] Esperando 12s...
[2025-05-31 23:59:37.871] [BotMaestro     ] [INFO ] --- Ciclo #4 ---
[2025-05-31 23:59:49.800] [BotMaestro     ] [INFO ] --- Ciclo #4 COMPLETADO ---
[2025-05-31 23:59:49.801] [BotMaestro     ] [INFO ] Esperando 8s...
[2025-05-31 23:59:52.446] [BotMaestro     ] [INFO ] Interrupción por teclado. Deteniendo...
[2025-05-31 23:59:52.457] [BotMaestro     ] [INFO ] Hedgehog Alert Processor TERMINADO.
[2025-06-01 00:01:07.604] [BotMaestro     ] [INFO ] Configuración cargada desde config.json
[2025-06-01 00:01:07.604] [BotMaestro     ] [INFO ] Base de conocimiento (re)inicializada.
[2025-06-01 00:01:07.605] [BotMaestro     ] [INFO ] Hedgehog Alert Processor INICIADO.
[2025-06-01 00:01:07.605] [BotMaestro     ] [INFO ] Presiona Ctrl+C para detener.
[2025-06-01 00:01:07.605] [BotMaestro     ] [INFO ] --- Ciclo #1 ---
[2025-06-01 00:01:20.950] [BotMaestro     ] [INFO ] --- Ciclo #1 COMPLETADO ---
[2025-06-01 00:01:20.951] [BotMaestro     ] [INFO ] Esperando 9s...
[2025-06-01 00:01:29.952] [BotMaestro     ] [INFO ] --- Ciclo #2 ---
[2025-06-01 00:01:41.945] [BotMaestro     ] [INFO ] --- Ciclo #2 COMPLETADO ---
[2025-06-01 00:01:41.946] [BotMaestro     ] [INFO ] Esperando 8s...
[2025-06-01 00:01:49.946] [BotMaestro     ] [INFO ] --- Ciclo #3 ---
[2025-06-01 00:02:01.927] [BotMaestro     ] [INFO ] --- Ciclo #3 COMPLETADO ---
[2025-06-01 00:02:01.928] [BotMaestro     ] [INFO ] Esperando 11s...
[2025-06-01 00:02:12.928] [BotMaestro     ] [INFO ] --- Ciclo #4 ---
[2025-06-01 00:02:23.011] [BotMaestro     ] [INFO ] Interrupción por teclado. Deteniendo...
[2025-06-01 00:02:23.011] [BotMaestro     ] [INFO ] Hedgehog Alert Processor TERMINADO.
