[2025-05-31 23:47:09.626] [BotRouter      ] [INFO ] Iniciando ruteo...
[2025-05-31 23:47:09.634] [BotRouter      ] [INFO ] Ruteando evento ID: EVT-SEL-EDGE-20250531234706-0001
[2025-05-31 23:47:09.635] [BotRouter      ] [INFO ] Amenaza ALTA detectada.
[2025-05-31 23:47:09.635] [BotRouter      ] [INFO ] Destinos finales determinados: Sonic, LogDB, Knuckles
[2025-05-31 23:47:09.636] [BotRouter      ] [INFO ] Ruteo completado.
[2025-05-31 23:48:44.014] [BotRouter      ] [INFO ] Iniciando ruteo...
[2025-05-31 23:48:44.021] [BotRouter      ] [INFO ] Ruteando evento ID: EVT-RND-20250531234843-0001
[2025-05-31 23:48:44.022] [BotRouter      ] [INFO ] MASTER_EMERALD_ALERT (critico): Añadido Knuckles y Sonic.
[2025-05-31 23:48:44.022] [BotRouter      ] [INFO ] Amenaza CRITICA detectada.
[2025-05-31 23:48:44.023] [BotRouter      ] [INFO ] Destinos finales determinados: Tails, LogDB, Knuckles, Sonic
[2025-05-31 23:48:44.025] [BotRouter      ] [INFO ] Ruteo completado.
[2025-05-31 23:48:50.952] [BotRouter      ] [INFO ] Iniciando ruteo...
[2025-05-31 23:48:50.959] [BotRouter      ] [INFO ] Ruteando evento ID: EVT-RND-20250531234850-0002
[2025-05-31 23:48:50.959] [BotRouter      ] [INFO ] Amenaza ALTA detectada.
[2025-05-31 23:48:50.960] [BotRouter      ] [INFO ] Destinos finales determinados: LogDB, Sonic
[2025-05-31 23:48:50.961] [BotRouter      ] [INFO ] Ruteo completado.
[2025-05-31 23:58:45.748] [BotRouter      ] [INFO ] --- EJECUTANDO NUEVA VERSIÓN REVISADA DE BOT_ROUTER ---
[2025-05-31 23:58:45.749] [BotRouter      ] [INFO ] Iniciando ruteo...
[2025-05-31 23:58:45.756] [BotRouter      ] [INFO ] Ruteando evento ID: EVT-SEL-20250531235843-0001
[2025-05-31 23:58:45.756] [BotRouter      ] [INFO ] Amenaza ALTA detectada.
[2025-05-31 23:58:45.757] [BotRouter      ] [INFO ] Destinos finales determinados: Knuckles, LogDB, Sonic
[2025-05-31 23:58:45.759] [BotRouter      ] [INFO ] Ruteo completado.
[2025-05-31 23:59:05.684] [BotRouter      ] [INFO ] --- EJECUTANDO NUEVA VERSIÓN REVISADA DE BOT_ROUTER ---
[2025-05-31 23:59:05.684] [BotRouter      ] [INFO ] Iniciando ruteo...
[2025-05-31 23:59:05.692] [BotRouter      ] [INFO ] Ruteando evento ID: EVT-SEL-20250531235902-0002
[2025-05-31 23:59:05.693] [BotRouter      ] [INFO ] Fuente WEB_SELENIUM_ANGEL_ISLAND (critico): Añadido Knuckles (y Sonic si aplica).
[2025-05-31 23:59:05.693] [BotRouter      ] [INFO ] Amenaza CRITICA detectada.
[2025-05-31 23:59:05.694] [BotRouter      ] [INFO ] Destinos finales determinados: Sonic, Tails, LogDB, Knuckles
[2025-05-31 23:59:05.695] [BotRouter      ] [INFO ] Ruteo completado.
[2025-05-31 23:59:25.642] [BotRouter      ] [INFO ] --- EJECUTANDO NUEVA VERSIÓN REVISADA DE BOT_ROUTER ---
[2025-05-31 23:59:25.642] [BotRouter      ] [INFO ] Iniciando ruteo...
[2025-05-31 23:59:25.650] [BotRouter      ] [INFO ] Ruteando evento ID: EVT-SEL-20250531235922-0003
[2025-05-31 23:59:25.651] [BotRouter      ] [INFO ] Fuente WEB_SELENIUM_ANGEL_ISLAND (critico): Añadido Knuckles (y Sonic si aplica).
[2025-05-31 23:59:25.651] [BotRouter      ] [INFO ] Amenaza CRITICA detectada.
[2025-05-31 23:59:25.652] [BotRouter      ] [INFO ] Destinos finales determinados: Sonic, Tails, LogDB, Knuckles
[2025-05-31 23:59:25.653] [BotRouter      ] [INFO ] Ruteo completado.
[2025-05-31 23:59:49.573] [BotRouter      ] [INFO ] --- EJECUTANDO NUEVA VERSIÓN REVISADA DE BOT_ROUTER ---
[2025-05-31 23:59:49.574] [BotRouter      ] [INFO ] Iniciando ruteo...
[2025-05-31 23:59:49.581] [BotRouter      ] [INFO ] Ruteando evento ID: EVT-SEL-20250531235946-0004
[2025-05-31 23:59:49.582] [BotRouter      ] [INFO ] Fuente WEB_SELENIUM_TAILS_REPORT: Añadido Tails.
[2025-05-31 23:59:49.582] [BotRouter      ] [INFO ] Amenaza MEDIA detectada.
[2025-05-31 23:59:49.582] [BotRouter      ] [INFO ] Destinos finales determinados: Tails, LogDB, Sonic
[2025-05-31 23:59:49.584] [BotRouter      ] [INFO ] Ruteo completado.
[2025-06-01 00:01:20.720] [BotRouter      ] [INFO ] --- EJECUTANDO NUEVA VERSIÓN REVISADA DE BOT_ROUTER ---
[2025-06-01 00:01:20.721] [BotRouter      ] [INFO ] Iniciando ruteo...
[2025-06-01 00:01:20.729] [BotRouter      ] [INFO ] Ruteando evento ID: EVT-SEL-20250601000117-0001
[2025-06-01 00:01:20.730] [BotRouter      ] [INFO ] Fuente WEB_SELENIUM_ANGEL_ISLAND (critico): Añadido Knuckles (y Sonic si aplica).
[2025-06-01 00:01:20.730] [BotRouter      ] [INFO ] Amenaza CRITICA detectada.
[2025-06-01 00:01:20.731] [BotRouter      ] [INFO ] Destinos finales determinados: LogDB, Tails, Sonic, Knuckles
[2025-06-01 00:01:20.733] [BotRouter      ] [INFO ] Ruteo completado.
[2025-06-01 00:01:41.717] [BotRouter      ] [INFO ] --- EJECUTANDO NUEVA VERSIÓN REVISADA DE BOT_ROUTER ---
[2025-06-01 00:01:41.718] [BotRouter      ] [INFO ] Iniciando ruteo...
[2025-06-01 00:01:41.725] [BotRouter      ] [INFO ] Ruteando evento ID: EVT-SEL-20250601000138-0002
[2025-06-01 00:01:41.726] [BotRouter      ] [INFO ] Fuente WEB_SELENIUM_ANGEL_ISLAND (critico): Añadido Knuckles (y Sonic si aplica).
[2025-06-01 00:01:41.726] [BotRouter      ] [INFO ] Amenaza CRITICA detectada.
[2025-06-01 00:01:41.727] [BotRouter      ] [INFO ] Destinos finales determinados: LogDB, Tails, Sonic, Knuckles
[2025-06-01 00:01:41.729] [BotRouter      ] [INFO ] Ruteo completado.
[2025-06-01 00:02:01.699] [BotRouter      ] [INFO ] --- EJECUTANDO NUEVA VERSIÓN REVISADA DE BOT_ROUTER ---
[2025-06-01 00:02:01.700] [BotRouter      ] [INFO ] Iniciando ruteo...
[2025-06-01 00:02:01.709] [BotRouter      ] [INFO ] Ruteando evento ID: EVT-SEL-20250601000158-0003
[2025-06-01 00:02:01.709] [BotRouter      ] [INFO ] Fuente WEB_SELENIUM_TAILS_REPORT: Añadido Tails.
[2025-06-01 00:02:01.710] [BotRouter      ] [INFO ] Amenaza MEDIA detectada.
[2025-06-01 00:02:01.710] [BotRouter      ] [INFO ] Destinos finales determinados: LogDB, Tails, Sonic
[2025-06-01 00:02:01.712] [BotRouter      ] [INFO ] Ruteo completado.
