[2025-05-31 23:47:09.004] [System         ] [DEBUG] Archivo JSON 'monitor_output.json' escrito.
[2025-05-31 23:47:09.213] [System         ] [DEBUG] Archivo JSON 'monitor_output.json' leído.
[2025-05-31 23:47:09.215] [System         ] [DEBUG] Archivo JSON 'analysis_output.json' escrito.
[2025-05-31 23:47:09.422] [System         ] [DEBUG] Archivo JSON 'analysis_output.json' leído.
[2025-05-31 23:47:09.425] [System         ] [DEBUG] Archivo JSON 'enriched_output.json' escrito.
[2025-05-31 23:47:09.633] [System         ] [DEBUG] Archivo JSON 'enriched_output.json' leído.
[2025-05-31 23:47:09.636] [System         ] [DEBUG] Archivo JSON 'routing_output.json' escrito.
[2025-05-31 23:47:09.845] [System         ] [DEBUG] Archivo JSON 'routing_output.json' leído.
[2025-05-31 23:47:09.897] [System         ] [INFO ] Reporte HTML generado: reports\evento_EVT-SEL-EDGE-20250531234706-0001.html
[2025-05-31 23:48:43.384] [System         ] [DEBUG] Archivo JSON 'monitor_output.json' escrito.
[2025-05-31 23:48:43.593] [System         ] [DEBUG] Archivo JSON 'monitor_output.json' leído.
[2025-05-31 23:48:43.596] [System         ] [DEBUG] Archivo JSON 'analysis_output.json' escrito.
[2025-05-31 23:48:43.807] [System         ] [DEBUG] Archivo JSON 'analysis_output.json' leído.
[2025-05-31 23:48:43.812] [System         ] [DEBUG] Archivo JSON 'enriched_output.json' escrito.
[2025-05-31 23:48:44.020] [System         ] [DEBUG] Archivo JSON 'enriched_output.json' leído.
[2025-05-31 23:48:44.024] [System         ] [DEBUG] Archivo JSON 'routing_output.json' escrito.
[2025-05-31 23:48:44.233] [System         ] [DEBUG] Archivo JSON 'routing_output.json' leído.
[2025-05-31 23:48:44.308] [System         ] [INFO ] Reporte HTML generado: reports\evento_EVT-RND-20250531234843-0001.html
[2025-05-31 23:48:50.313] [System         ] [DEBUG] Archivo JSON 'monitor_output.json' escrito.
[2025-05-31 23:48:50.535] [System         ] [DEBUG] Archivo JSON 'monitor_output.json' leído.
[2025-05-31 23:48:50.539] [System         ] [DEBUG] Archivo JSON 'analysis_output.json' escrito.
[2025-05-31 23:48:50.748] [System         ] [DEBUG] Archivo JSON 'analysis_output.json' leído.
[2025-05-31 23:48:50.750] [System         ] [DEBUG] Archivo JSON 'enriched_output.json' escrito.
[2025-05-31 23:48:50.958] [System         ] [DEBUG] Archivo JSON 'enriched_output.json' leído.
[2025-05-31 23:48:50.961] [System         ] [DEBUG] Archivo JSON 'routing_output.json' escrito.
[2025-05-31 23:48:51.169] [System         ] [DEBUG] Archivo JSON 'routing_output.json' leído.
[2025-05-31 23:48:51.204] [System         ] [INFO ] Reporte HTML generado: reports\evento_EVT-RND-20250531234850-0002.html
[2025-05-31 23:58:45.125] [System         ] [DEBUG] Archivo JSON 'monitor_output.json' escrito.
[2025-05-31 23:58:45.334] [System         ] [DEBUG] Archivo JSON 'monitor_output.json' leído.
[2025-05-31 23:58:45.336] [System         ] [DEBUG] Archivo JSON 'analysis_output.json' escrito.
[2025-05-31 23:58:45.544] [System         ] [DEBUG] Archivo JSON 'analysis_output.json' leído.
[2025-05-31 23:58:45.546] [System         ] [DEBUG] Archivo JSON 'enriched_output.json' escrito.
[2025-05-31 23:58:45.755] [System         ] [DEBUG] Archivo JSON 'enriched_output.json' leído.
[2025-05-31 23:58:45.758] [System         ] [DEBUG] Archivo JSON 'routing_output.json' escrito.
[2025-05-31 23:58:45.967] [System         ] [DEBUG] Archivo JSON 'routing_output.json' leído.
[2025-05-31 23:58:45.972] [System         ] [INFO ] Reporte HTML generado: reports\evento_EVT-SEL-20250531235843-0001.html
[2025-05-31 23:59:05.060] [System         ] [DEBUG] Archivo JSON 'monitor_output.json' escrito.
[2025-05-31 23:59:05.270] [System         ] [DEBUG] Archivo JSON 'monitor_output.json' leído.
[2025-05-31 23:59:05.273] [System         ] [DEBUG] Archivo JSON 'analysis_output.json' escrito.
[2025-05-31 23:59:05.480] [System         ] [DEBUG] Archivo JSON 'analysis_output.json' leído.
[2025-05-31 23:59:05.483] [System         ] [DEBUG] Archivo JSON 'enriched_output.json' escrito.
[2025-05-31 23:59:05.692] [System         ] [DEBUG] Archivo JSON 'enriched_output.json' leído.
[2025-05-31 23:59:05.695] [System         ] [DEBUG] Archivo JSON 'routing_output.json' escrito.
[2025-05-31 23:59:05.904] [System         ] [DEBUG] Archivo JSON 'routing_output.json' leído.
[2025-05-31 23:59:05.911] [System         ] [INFO ] Reporte HTML generado: reports\evento_EVT-SEL-20250531235902-0002.html
[2025-05-31 23:59:25.019] [System         ] [DEBUG] Archivo JSON 'monitor_output.json' escrito.
[2025-05-31 23:59:25.227] [System         ] [DEBUG] Archivo JSON 'monitor_output.json' leído.
[2025-05-31 23:59:25.230] [System         ] [DEBUG] Archivo JSON 'analysis_output.json' escrito.
[2025-05-31 23:59:25.438] [System         ] [DEBUG] Archivo JSON 'analysis_output.json' leído.
[2025-05-31 23:59:25.440] [System         ] [DEBUG] Archivo JSON 'enriched_output.json' escrito.
[2025-05-31 23:59:25.650] [System         ] [DEBUG] Archivo JSON 'enriched_output.json' leído.
[2025-05-31 23:59:25.653] [System         ] [DEBUG] Archivo JSON 'routing_output.json' escrito.
[2025-05-31 23:59:25.862] [System         ] [DEBUG] Archivo JSON 'routing_output.json' leído.
[2025-05-31 23:59:25.869] [System         ] [INFO ] Reporte HTML generado: reports\evento_EVT-SEL-20250531235922-0003.html
[2025-05-31 23:59:48.949] [System         ] [DEBUG] Archivo JSON 'monitor_output.json' escrito.
[2025-05-31 23:59:49.158] [System         ] [DEBUG] Archivo JSON 'monitor_output.json' leído.
[2025-05-31 23:59:49.160] [System         ] [DEBUG] Archivo JSON 'analysis_output.json' escrito.
[2025-05-31 23:59:49.369] [System         ] [DEBUG] Archivo JSON 'analysis_output.json' leído.
[2025-05-31 23:59:49.372] [System         ] [DEBUG] Archivo JSON 'enriched_output.json' escrito.
[2025-05-31 23:59:49.581] [System         ] [DEBUG] Archivo JSON 'enriched_output.json' leído.
[2025-05-31 23:59:49.584] [System         ] [DEBUG] Archivo JSON 'routing_output.json' escrito.
[2025-05-31 23:59:49.793] [System         ] [DEBUG] Archivo JSON 'routing_output.json' leído.
[2025-05-31 23:59:49.800] [System         ] [INFO ] Reporte HTML generado: reports\evento_EVT-SEL-20250531235946-0004.html
[2025-06-01 00:01:20.097] [System         ] [DEBUG] Archivo JSON 'monitor_output.json' escrito.
[2025-06-01 00:01:20.306] [System         ] [DEBUG] Archivo JSON 'monitor_output.json' leído.
[2025-06-01 00:01:20.309] [System         ] [DEBUG] Archivo JSON 'analysis_output.json' escrito.
[2025-06-01 00:01:20.517] [System         ] [DEBUG] Archivo JSON 'analysis_output.json' leído.
[2025-06-01 00:01:20.519] [System         ] [DEBUG] Archivo JSON 'enriched_output.json' escrito.
[2025-06-01 00:01:20.728] [System         ] [DEBUG] Archivo JSON 'enriched_output.json' leído.
[2025-06-01 00:01:20.732] [System         ] [DEBUG] Archivo JSON 'routing_output.json' escrito.
[2025-06-01 00:01:20.942] [System         ] [DEBUG] Archivo JSON 'routing_output.json' leído.
[2025-06-01 00:01:20.950] [System         ] [INFO ] Reporte HTML generado: reports\evento_EVT-SEL-20250601000117-0001.html
[2025-06-01 00:01:41.094] [System         ] [DEBUG] Archivo JSON 'monitor_output.json' escrito.
[2025-06-01 00:01:41.303] [System         ] [DEBUG] Archivo JSON 'monitor_output.json' leído.
[2025-06-01 00:01:41.305] [System         ] [DEBUG] Archivo JSON 'analysis_output.json' escrito.
[2025-06-01 00:01:41.513] [System         ] [DEBUG] Archivo JSON 'analysis_output.json' leído.
[2025-06-01 00:01:41.515] [System         ] [DEBUG] Archivo JSON 'enriched_output.json' escrito.
[2025-06-01 00:01:41.725] [System         ] [DEBUG] Archivo JSON 'enriched_output.json' leído.
[2025-06-01 00:01:41.728] [System         ] [DEBUG] Archivo JSON 'routing_output.json' escrito.
[2025-06-01 00:01:41.937] [System         ] [DEBUG] Archivo JSON 'routing_output.json' leído.
[2025-06-01 00:01:41.945] [System         ] [INFO ] Reporte HTML generado: reports\evento_EVT-SEL-20250601000138-0002.html
[2025-06-01 00:02:01.075] [System         ] [DEBUG] Archivo JSON 'monitor_output.json' escrito.
[2025-06-01 00:02:01.285] [System         ] [DEBUG] Archivo JSON 'monitor_output.json' leído.
[2025-06-01 00:02:01.287] [System         ] [DEBUG] Archivo JSON 'analysis_output.json' escrito.
[2025-06-01 00:02:01.495] [System         ] [DEBUG] Archivo JSON 'analysis_output.json' leído.
[2025-06-01 00:02:01.498] [System         ] [DEBUG] Archivo JSON 'enriched_output.json' escrito.
[2025-06-01 00:02:01.708] [System         ] [DEBUG] Archivo JSON 'enriched_output.json' leído.
[2025-06-01 00:02:01.711] [System         ] [DEBUG] Archivo JSON 'routing_output.json' escrito.
[2025-06-01 00:02:01.921] [System         ] [DEBUG] Archivo JSON 'routing_output.json' leído.
[2025-06-01 00:02:01.927] [System         ] [INFO ] Reporte HTML generado: reports\evento_EVT-SEL-20250601000158-0003.html
